<?xml version="1.0" encoding="UTF-8"?>
<testng-results skipped="0" failed="0" ignored="0" total="0" passed="0">
  <reporter-output>
  </reporter-output>
  <suite name="practiceAppium.AppiumBasic.AppTest" duration-ms="6" started-at="2020-11-11T21:12:18Z" finished-at="2020-11-11T21:12:18Z">
    <groups>
    </groups>
    <test name="Command line test" duration-ms="6" started-at="2020-11-11T21:12:18Z" finished-at="2020-11-11T21:12:18Z">
    </test> <!-- Command line test -->
  </suite> <!-- practiceAppium.AppiumBasic.AppTest -->
</testng-results>
