<?xml version="1.0" encoding="UTF-8"?>
<testng-results skipped="0" failed="0" ignored="0" total="1" passed="1">
  <reporter-output>
  </reporter-output>
  <suite name="Default suite" duration-ms="57374" started-at="2020-11-23T19:39:45 IST" finished-at="2020-11-23T19:40:43 IST">
    <groups>
    </groups>
    <test name="Default test" duration-ms="57374" started-at="2020-11-23T19:39:45 IST" finished-at="2020-11-23T19:40:43 IST">
      <class name="com.practice.appiumAssignment.appiumAssignOnAmazon.LoginAndEnterCredentials">
        <test-method status="PASS" signature="enterLoginCred()[pri:0, instance:com.practice.appiumAssignment.appiumAssignOnAmazon.LoginAndEnterCredentials@6a1aab78]" name="enterLoginCred" duration-ms="57333" started-at="2020-11-23T19:39:45 IST" finished-at="2020-11-23T19:40:43 IST">
          <reporter-output>
          </reporter-output>
        </test-method> <!-- enterLoginCred -->
      </class> <!-- com.practice.appiumAssignment.appiumAssignOnAmazon.LoginAndEnterCredentials -->
    </test> <!-- Default test -->
  </suite> <!-- Default suite -->
</testng-results>
